

Version:	3.12
CmdLine:	C:\Users\marti\OneDrive\Plocha\Favtris\Favtris.exe --l4j-debug
WOW64:		yes
Working dir:	C:\Users\marti\OneDrive\Plocha\Favtris\.
Java min ver:	1.008.000
Java max ver:	
Bundled JRE:	C:\Program Files\Java\jre1.8.0_221
Check launcher:	C:\Program Files\Java\jre1.8.0_221\bin\javaw.exe (OK)
Launcher:	C:\Program Files\Java\jre1.8.0_221\bin\javaw.exe
Launcher args:	-jar "C:\Users\marti\OneDrive\Plocha\Favtris\Favtris.exe"
Args length:	57/32768 chars
Exit code:	0


Version:	3.12
CmdLine:	C:\Users\marti\OneDrive\Plocha\Favtris\data\Favtris.exe --l4j-debug
WOW64:		yes
Working dir:	C:\Users\marti\OneDrive\Plocha\Favtris\data\.
Java min ver:	1.008.000
Java max ver:	
Bundled JRE:	C:\Program Files\Java\jre1.8.0_221
Check launcher:	C:\Program Files\Java\jre1.8.0_221\bin\javaw.exe (OK)
Launcher:	C:\Program Files\Java\jre1.8.0_221\bin\javaw.exe
Launcher args:	-jar "C:\Users\marti\OneDrive\Plocha\Favtris\data\Favtris.exe"
Args length:	62/32768 chars
Exit code:	0
